#
# There is insufficient memory for the Java Runtime Environment to continue.
# Native memory allocation (malloc) failed to allocate 359760 bytes for Chunk::new
# Possible reasons:
#   The system is out of physical RAM or swap space
#   The process is running with CompressedOops enabled, and the Java Heap may be blocking the growth of the native heap
# Possible solutions:
#   Reduce memory load on the system
#   Increase physical memory or swap space
#   Check if swap backing store is full
#   Decrease Java heap size (-Xmx/-Xms)
#   Decrease number of Java threads
#   Decrease Java thread stack sizes (-Xss)
#   Set larger code cache with -XX:ReservedCodeCacheSize=
#   JVM is running with Zero Based Compressed Oops mode in which the Java heap is
#     placed in the first 32GB address space. The Java Heap base address is the
#     maximum limit for the native heap growth. Please use -XX:HeapBaseMinAddress
#     to set the Java Heap base and to place the Java Heap above 32GB virtual address.
# This output file may be truncated or incomplete.
#
#  Out of Memory Error (arena.cpp:189), pid=21408, tid=18936
#
# JRE version: OpenJDK Runtime Environment (17.0.6) (build 17.0.6+0-b2043.56-10027231)
# Java VM: OpenJDK 64-Bit Server VM (17.0.6+0-b2043.56-10027231, mixed mode, tiered, compressed oops, compressed class ptrs, g1 gc, windows-amd64)
# No core dump will be written. Minidumps are not enabled by default on client versions of Windows
#

---------------  S U M M A R Y ------------

Command Line: org.jetbrains.kotlin.cli.jvm.K2JVMCompiler @C:\Users\joaov\Documents\Repositories\mobiledev\ControleDeGastos\ControleDeGastos\app\build\20231028_12923710079287254996.compiler.options

Host: AMD Ryzen 7 3800X 8-Core Processor             , 16 cores, 15G,  Windows 10 , 64 bit Build 19041 (10.0.19041.3155)
Time: Sat Oct 28 14:58:20 2023 E. South America Standard Time elapsed time: 0.628615 seconds (0d 0h 0m 0s)

---------------  T H R E A D  ---------------

Current thread (0x0000014a9669d460):  JavaThread "C2 CompilerThread1" daemon [_thread_in_native, id=18936, stack(0x00000011aa500000,0x00000011aa600000)]


Current CompileTask:
C2:    628 1799 % !   4       java.util.concurrent.ConcurrentHashMap::transfer @ 96 (849 bytes)

Stack: [0x00000011aa500000,0x00000011aa600000]
Native frames: (J=compiled Java code, j=interpreted, Vv=VM code, C=native code)
V  [jvm.dll+0x683c9a]
V  [jvm.dll+0x8427a4]
V  [jvm.dll+0x843f9e]
V  [jvm.dll+0x844603]
V  [jvm.dll+0x249b75]
V  [jvm.dll+0xabcac]
V  [jvm.dll+0xac27c]
V  [jvm.dll+0x368857]
V  [jvm.dll+0x332f31]
V  [jvm.dll+0x3323da]
V  [jvm.dll+0x21c201]
V  [jvm.dll+0x21b621]
V  [jvm.dll+0x1a4fdd]
V  [jvm.dll+0x22b098]
V  [jvm.dll+0x229159]
V  [jvm.dll+0x7f81ec]
V  [jvm.dll+0x7f274a]
V  [jvm.dll+0x682ad5]
C  [ucrtbase.dll+0x21bb2]
C  [KERNEL32.DLL+0x17614]
C  [ntdll.dll+0x526b1]


---------------  P R O C E S S  ---------------

Threads class SMR info:
_java_thread_list=0x0000014a96c0afe0, length=17, elements={
0x0000014af641ad70, 0x0000014a96431c30, 0x0000014a964332b0, 0x0000014a96489710,
0x0000014a964ad0a0, 0x0000014a964a0ce0, 0x0000014a964a15a0, 0x0000014a964a2aa0,
0x0000014a964a3490, 0x0000014a964a8650, 0x0000014a96624e00, 0x0000014a96630e00,
0x0000014a9664c3e0, 0x0000014a9669d460, 0x0000014a96aa2cd0, 0x0000014a96aab6f0,
0x0000014a96f5cd60
}

Java Threads: ( => current thread )
  0x0000014af641ad70 JavaThread "main" [_thread_in_vm, id=13196, stack(0x00000011a9100000,0x00000011a9200000)]
  0x0000014a96431c30 JavaThread "Reference Handler" daemon [_thread_blocked, id=10260, stack(0x00000011a9800000,0x00000011a9900000)]
  0x0000014a964332b0 JavaThread "Finalizer" daemon [_thread_blocked, id=19572, stack(0x00000011a9900000,0x00000011a9a00000)]
  0x0000014a96489710 JavaThread "Signal Dispatcher" daemon [_thread_blocked, id=20188, stack(0x00000011a9a00000,0x00000011a9b00000)]
  0x0000014a964ad0a0 JavaThread "Attach Listener" daemon [_thread_blocked, id=9512, stack(0x00000011a9b00000,0x00000011a9c00000)]
  0x0000014a964a0ce0 JavaThread "Service Thread" daemon [_thread_blocked, id=10364, stack(0x00000011a9c00000,0x00000011a9d00000)]
  0x0000014a964a15a0 JavaThread "Monitor Deflation Thread" daemon [_thread_blocked, id=18184, stack(0x00000011a9d00000,0x00000011a9e00000)]
  0x0000014a964a2aa0 JavaThread "C2 CompilerThread0" daemon [_thread_blocked, id=19364, stack(0x00000011a9e00000,0x00000011a9f00000)]
  0x0000014a964a3490 JavaThread "C1 CompilerThread0" daemon [_thread_blocked, id=17436, stack(0x00000011a9f00000,0x00000011aa000000)]
  0x0000014a964a8650 JavaThread "Sweeper thread" daemon [_thread_blocked, id=20404, stack(0x00000011aa000000,0x00000011aa100000)]
  0x0000014a96624e00 JavaThread "C1 CompilerThread1" daemon [_thread_blocked, id=19500, stack(0x00000011aa100000,0x00000011aa200000)]
  0x0000014a96630e00 JavaThread "Notification Thread" daemon [_thread_blocked, id=17600, stack(0x00000011aa200000,0x00000011aa300000)]
  0x0000014a9664c3e0 JavaThread "Common-Cleaner" daemon [_thread_blocked, id=19276, stack(0x00000011aa400000,0x00000011aa500000)]
=>0x0000014a9669d460 JavaThread "C2 CompilerThread1" daemon [_thread_in_native, id=18936, stack(0x00000011aa500000,0x00000011aa600000)]
  0x0000014a96aa2cd0 JavaThread "C1 CompilerThread2" daemon [_thread_blocked, id=20120, stack(0x00000011aa600000,0x00000011aa700000)]
  0x0000014a96aab6f0 JavaThread "C1 CompilerThread3" daemon [_thread_blocked, id=5800, stack(0x00000011aa700000,0x00000011aa800000)]
  0x0000014a96f5cd60 JavaThread "C2 CompilerThread2" daemon [_thread_blocked, id=2700, stack(0x00000011aad00000,0x00000011aae00000)]

Other Threads:
  0x0000014a9642f110 VMThread "VM Thread" [stack: 0x00000011a9700000,0x00000011a9800000] [id=3708]
  0x0000014a96637b30 WatcherThread [stack: 0x00000011aa300000,0x00000011aa400000] [id=18652]
  0x0000014af648a010 GCTaskThread "GC Thread#0" [stack: 0x00000011a9200000,0x00000011a9300000] [id=20612]
  0x0000014a96b98f00 GCTaskThread "GC Thread#1" [stack: 0x00000011aa800000,0x00000011aa900000] [id=18196]
  0x0000014a96af02e0 GCTaskThread "GC Thread#2" [stack: 0x00000011aa900000,0x00000011aaa00000] [id=3616]
  0x0000014a96af0590 GCTaskThread "GC Thread#3" [stack: 0x00000011aaa00000,0x00000011aab00000] [id=20320]
  0x0000014a96af2f40 GCTaskThread "GC Thread#4" [stack: 0x00000011aab00000,0x00000011aac00000] [id=16120]
  0x0000014a96af31f0 GCTaskThread "GC Thread#5" [stack: 0x00000011aac00000,0x00000011aad00000] [id=11312]
  0x0000014af649ae20 ConcurrentGCThread "G1 Main Marker" [stack: 0x00000011a9300000,0x00000011a9400000] [id=17768]
  0x0000014af649bfd0 ConcurrentGCThread "G1 Conc#0" [stack: 0x00000011a9400000,0x00000011a9500000] [id=7360]
  0x0000014af64ee000 ConcurrentGCThread "G1 Refine#0" [stack: 0x00000011a9500000,0x00000011a9600000] [id=16264]
  0x0000014af64eea20 ConcurrentGCThread "G1 Service" [stack: 0x00000011a9600000,0x00000011a9700000] [id=18852]

Threads with active compile tasks:
C2 CompilerThread1      704 1799 % !   4       java.util.concurrent.ConcurrentHashMap::transfer @ 96 (849 bytes)

VM state: not at safepoint (normal execution)

VM Mutex/Monitor currently owned by a thread:  ([mutex/lock_event])
[0x0000014af64153a0] Metaspace_lock - owner thread: 0x0000014af641ad70

Heap address: 0x0000000701200000, size: 4078 MB, Compressed Oops mode: Zero based, Oop shift amount: 3

CDS archive(s) not mapped
Compressed class space mapped at: 0x0000000800000000-0x0000000840000000, reserved size: 1073741824
Narrow klass base: 0x0000000800000000, Narrow klass shift: 0, Narrow klass range: 0x40000000

GC Precious Log:
 CPUs: 16 total, 16 available
 Memory: 16307M
 Large Page Support: Disabled
 NUMA Support: Disabled
 Compressed Oops: Enabled (Zero based)
 Heap Region Size: 2M
 Heap Min Capacity: 8M
 Heap Initial Capacity: 256M
 Heap Max Capacity: 4078M
 Pre-touch: Disabled
 Parallel Workers: 13
 Concurrent Workers: 3
 Concurrent Refinement Workers: 13
 Periodic GC: Disabled

Heap:
 garbage-first heap   total 262144K, used 31274K [0x0000000701200000, 0x0000000800000000)
  region size 2048K, 15 young (30720K), 2 survivors (4096K)
 Metaspace       used 18352K, committed 18496K, reserved 1073152K
  class space    used 1879K, committed 1920K, reserved 1048576K

Heap Regions: E=young(eden), S=young(survivor), O=old, HS=humongous(starts), HC=humongous(continues), CS=collection set, F=free, OA=open archive, CA=closed archive, TAMS=top-at-mark-start (previous, next)
|   0|0x0000000701200000, 0x0000000701400000, 0x0000000701400000|100%|HS|  |TAMS 0x0000000701200000, 0x0000000701200000| Complete 
|   1|0x0000000701400000, 0x0000000701600000, 0x0000000701600000|100%|HC|  |TAMS 0x0000000701400000, 0x0000000701400000| Complete 
|   2|0x0000000701600000, 0x0000000701600000, 0x0000000701800000|  0%| F|  |TAMS 0x0000000701600000, 0x0000000701600000| Untracked 
|   3|0x0000000701800000, 0x0000000701800000, 0x0000000701a00000|  0%| F|  |TAMS 0x0000000701800000, 0x0000000701800000| Untracked 
|   4|0x0000000701a00000, 0x0000000701a00000, 0x0000000701c00000|  0%| F|  |TAMS 0x0000000701a00000, 0x0000000701a00000| Untracked 
|   5|0x0000000701c00000, 0x0000000701c00000, 0x0000000701e00000|  0%| F|  |TAMS 0x0000000701c00000, 0x0000000701c00000| Untracked 
|   6|0x0000000701e00000, 0x0000000701e00000, 0x0000000702000000|  0%| F|  |TAMS 0x0000000701e00000, 0x0000000701e00000| Untracked 
|   7|0x0000000702000000, 0x0000000702000000, 0x0000000702200000|  0%| F|  |TAMS 0x0000000702000000, 0x0000000702000000| Untracked 
|   8|0x0000000702200000, 0x0000000702200000, 0x0000000702400000|  0%| F|  |TAMS 0x0000000702200000, 0x0000000702200000| Untracked 
|   9|0x0000000702400000, 0x0000000702400000, 0x0000000702600000|  0%| F|  |TAMS 0x0000000702400000, 0x0000000702400000| Untracked 
|  10|0x0000000702600000, 0x0000000702600000, 0x0000000702800000|  0%| F|  |TAMS 0x0000000702600000, 0x0000000702600000| Untracked 
|  11|0x0000000702800000, 0x0000000702800000, 0x0000000702a00000|  0%| F|  |TAMS 0x0000000702800000, 0x0000000702800000| Untracked 
|  12|0x0000000702a00000, 0x0000000702a00000, 0x0000000702c00000|  0%| F|  |TAMS 0x0000000702a00000, 0x0000000702a00000| Untracked 
|  13|0x0000000702c00000, 0x0000000702c00000, 0x0000000702e00000|  0%| F|  |TAMS 0x0000000702c00000, 0x0000000702c00000| Untracked 
|  14|0x0000000702e00000, 0x0000000702e00000, 0x0000000703000000|  0%| F|  |TAMS 0x0000000702e00000, 0x0000000702e00000| Untracked 
|  15|0x0000000703000000, 0x0000000703000000, 0x0000000703200000|  0%| F|  |TAMS 0x0000000703000000, 0x0000000703000000| Untracked 
|  16|0x0000000703200000, 0x0000000703200000, 0x0000000703400000|  0%| F|  |TAMS 0x0000000703200000, 0x0000000703200000| Untracked 
|  17|0x0000000703400000, 0x0000000703400000, 0x0000000703600000|  0%| F|  |TAMS 0x0000000703400000, 0x0000000703400000| Untracked 
|  18|0x0000000703600000, 0x0000000703600000, 0x0000000703800000|  0%| F|  |TAMS 0x0000000703600000, 0x0000000703600000| Untracked 
|  19|0x0000000703800000, 0x0000000703800000, 0x0000000703a00000|  0%| F|  |TAMS 0x0000000703800000, 0x0000000703800000| Untracked 
|  20|0x0000000703a00000, 0x0000000703a00000, 0x0000000703c00000|  0%| F|  |TAMS 0x0000000703a00000, 0x0000000703a00000| Untracked 
|  21|0x0000000703c00000, 0x0000000703c00000, 0x0000000703e00000|  0%| F|  |TAMS 0x0000000703c00000, 0x0000000703c00000| Untracked 
|  22|0x0000000703e00000, 0x0000000703e00000, 0x0000000704000000|  0%| F|  |TAMS 0x0000000703e00000, 0x0000000703e00000| Untracked 
|  23|0x0000000704000000, 0x0000000704000000, 0x0000000704200000|  0%| F|  |TAMS 0x0000000704000000, 0x0000000704000000| Untracked 
|  24|0x0000000704200000, 0x0000000704200000, 0x0000000704400000|  0%| F|  |TAMS 0x0000000704200000, 0x0000000704200000| Untracked 
|  25|0x0000000704400000, 0x0000000704400000, 0x0000000704600000|  0%| F|  |TAMS 0x0000000704400000, 0x0000000704400000| Untracked 
|  26|0x0000000704600000, 0x0000000704600000, 0x0000000704800000|  0%| F|  |TAMS 0x0000000704600000, 0x0000000704600000| Untracked 
|  27|0x0000000704800000, 0x0000000704800000, 0x0000000704a00000|  0%| F|  |TAMS 0x0000000704800000, 0x0000000704800000| Untracked 
|  28|0x0000000704a00000, 0x0000000704a00000, 0x0000000704c00000|  0%| F|  |TAMS 0x0000000704a00000, 0x0000000704a00000| Untracked 
|  29|0x0000000704c00000, 0x0000000704c00000, 0x0000000704e00000|  0%| F|  |TAMS 0x0000000704c00000, 0x0000000704c00000| Untracked 
|  30|0x0000000704e00000, 0x0000000704e00000, 0x0000000705000000|  0%| F|  |TAMS 0x0000000704e00000, 0x0000000704e00000| Untracked 
|  31|0x0000000705000000, 0x0000000705000000, 0x0000000705200000|  0%| F|  |TAMS 0x0000000705000000, 0x0000000705000000| Untracked 
|  32|0x0000000705200000, 0x0000000705200000, 0x0000000705400000|  0%| F|  |TAMS 0x0000000705200000, 0x0000000705200000| Untracked 
|  33|0x0000000705400000, 0x0000000705400000, 0x0000000705600000|  0%| F|  |TAMS 0x0000000705400000, 0x0000000705400000| Untracked 
|  34|0x0000000705600000, 0x0000000705600000, 0x0000000705800000|  0%| F|  |TAMS 0x0000000705600000, 0x0000000705600000| Untracked 
|  35|0x0000000705800000, 0x0000000705800000, 0x0000000705a00000|  0%| F|  |TAMS 0x0000000705800000, 0x0000000705800000| Untracked 
|  36|0x0000000705a00000, 0x0000000705a00000, 0x0000000705c00000|  0%| F|  |TAMS 0x0000000705a00000, 0x0000000705a00000| Untracked 
|  37|0x0000000705c00000, 0x0000000705c00000, 0x0000000705e00000|  0%| F|  |TAMS 0x0000000705c00000, 0x0000000705c00000| Untracked 
|  38|0x0000000705e00000, 0x0000000705e00000, 0x0000000706000000|  0%| F|  |TAMS 0x0000000705e00000, 0x0000000705e00000| Untracked 
|  39|0x0000000706000000, 0x0000000706000000, 0x0000000706200000|  0%| F|  |TAMS 0x0000000706000000, 0x0000000706000000| Untracked 
|  40|0x0000000706200000, 0x0000000706200000, 0x0000000706400000|  0%| F|  |TAMS 0x0000000706200000, 0x0000000706200000| Untracked 
|  41|0x0000000706400000, 0x0000000706400000, 0x0000000706600000|  0%| F|  |TAMS 0x0000000706400000, 0x0000000706400000| Untracked 
|  42|0x0000000706600000, 0x0000000706600000, 0x0000000706800000|  0%| F|  |TAMS 0x0000000706600000, 0x0000000706600000| Untracked 
|  43|0x0000000706800000, 0x0000000706800000, 0x0000000706a00000|  0%| F|  |TAMS 0x0000000706800000, 0x0000000706800000| Untracked 
|  44|0x0000000706a00000, 0x0000000706a00000, 0x0000000706c00000|  0%| F|  |TAMS 0x0000000706a00000, 0x0000000706a00000| Untracked 
|  45|0x0000000706c00000, 0x0000000706c00000, 0x0000000706e00000|  0%| F|  |TAMS 0x0000000706c00000, 0x0000000706c00000| Untracked 
|  46|0x0000000706e00000, 0x0000000706e00000, 0x0000000707000000|  0%| F|  |TAMS 0x0000000706e00000, 0x0000000706e00000| Untracked 
|  47|0x0000000707000000, 0x0000000707000000, 0x0000000707200000|  0%| F|  |TAMS 0x0000000707000000, 0x0000000707000000| Untracked 
|  48|0x0000000707200000, 0x0000000707200000, 0x0000000707400000|  0%| F|  |TAMS 0x0000000707200000, 0x0000000707200000| Untracked 
|  49|0x0000000707400000, 0x0000000707400000, 0x0000000707600000|  0%| F|  |TAMS 0x0000000707400000, 0x0000000707400000| Untracked 
|  50|0x0000000707600000, 0x0000000707600000, 0x0000000707800000|  0%| F|  |TAMS 0x0000000707600000, 0x0000000707600000| Untracked 
|  51|0x0000000707800000, 0x0000000707800000, 0x0000000707a00000|  0%| F|  |TAMS 0x0000000707800000, 0x0000000707800000| Untracked 
|  52|0x0000000707a00000, 0x0000000707a00000, 0x0000000707c00000|  0%| F|  |TAMS 0x0000000707a00000, 0x0000000707a00000| Untracked 
|  53|0x0000000707c00000, 0x0000000707c00000, 0x0000000707e00000|  0%| F|  |TAMS 0x0000000707c00000, 0x0000000707c00000| Untracked 
|  54|0x0000000707e00000, 0x0000000707e00000, 0x0000000708000000|  0%| F|  |TAMS 0x0000000707e00000, 0x0000000707e00000| Untracked 
|  55|0x0000000708000000, 0x0000000708000000, 0x0000000708200000|  0%| F|  |TAMS 0x0000000708000000, 0x0000000708000000| Untracked 
|  56|0x0000000708200000, 0x0000000708200000, 0x0000000708400000|  0%| F|  |TAMS 0x0000000708200000, 0x0000000708200000| Untracked 
|  57|0x0000000708400000, 0x0000000708400000, 0x0000000708600000|  0%| F|  |TAMS 0x0000000708400000, 0x0000000708400000| Untracked 
|  58|0x0000000708600000, 0x0000000708600000, 0x0000000708800000|  0%| F|  |TAMS 0x0000000708600000, 0x0000000708600000| Untracked 
|  59|0x0000000708800000, 0x0000000708800000, 0x0000000708a00000|  0%| F|  |TAMS 0x0000000708800000, 0x0000000708800000| Untracked 
|  60|0x0000000708a00000, 0x0000000708a00000, 0x0000000708c00000|  0%| F|  |TAMS 0x0000000708a00000, 0x0000000708a00000| Untracked 
|  61|0x0000000708c00000, 0x0000000708c00000, 0x0000000708e00000|  0%| F|  |TAMS 0x0000000708c00000, 0x0000000708c00000| Untracked 
|  62|0x0000000708e00000, 0x0000000708e00000, 0x0000000709000000|  0%| F|  |TAMS 0x0000000708e00000, 0x0000000708e00000| Untracked 
|  63|0x0000000709000000, 0x0000000709000000, 0x0000000709200000|  0%| F|  |TAMS 0x0000000709000000, 0x0000000709000000| Untracked 
|  64|0x0000000709200000, 0x0000000709200000, 0x0000000709400000|  0%| F|  |TAMS 0x0000000709200000, 0x0000000709200000| Untracked 
|  65|0x0000000709400000, 0x0000000709400000, 0x0000000709600000|  0%| F|  |TAMS 0x0000000709400000, 0x0000000709400000| Untracked 
|  66|0x0000000709600000, 0x0000000709600000, 0x0000000709800000|  0%| F|  |TAMS 0x0000000709600000, 0x0000000709600000| Untracked 
|  67|0x0000000709800000, 0x0000000709800000, 0x0000000709a00000|  0%| F|  |TAMS 0x0000000709800000, 0x0000000709800000| Untracked 
|  68|0x0000000709a00000, 0x0000000709a00000, 0x0000000709c00000|  0%| F|  |TAMS 0x0000000709a00000, 0x0000000709a00000| Untracked 
|  69|0x0000000709c00000, 0x0000000709c00000, 0x0000000709e00000|  0%| F|  |TAMS 0x0000000709c00000, 0x0000000709c00000| Untracked 
|  70|0x0000000709e00000, 0x0000000709e00000, 0x000000070a000000|  0%| F|  |TAMS 0x0000000709e00000, 0x0000000709e00000| Untracked 
|  71|0x000000070a000000, 0x000000070a000000, 0x000000070a200000|  0%| F|  |TAMS 0x000000070a000000, 0x000000070a000000| Untracked 
|  72|0x000000070a200000, 0x000000070a200000, 0x000000070a400000|  0%| F|  |TAMS 0x000000070a200000, 0x000000070a200000| Untracked 
|  73|0x000000070a400000, 0x000000070a400000, 0x000000070a600000|  0%| F|  |TAMS 0x000000070a400000, 0x000000070a400000| Untracked 
|  74|0x000000070a600000, 0x000000070a600000, 0x000000070a800000|  0%| F|  |TAMS 0x000000070a600000, 0x000000070a600000| Untracked 
|  75|0x000000070a800000, 0x000000070a800000, 0x000000070aa00000|  0%| F|  |TAMS 0x000000070a800000, 0x000000070a800000| Untracked 
|  76|0x000000070aa00000, 0x000000070aa00000, 0x000000070ac00000|  0%| F|  |TAMS 0x000000070aa00000, 0x000000070aa00000| Untracked 
|  77|0x000000070ac00000, 0x000000070ac00000, 0x000000070ae00000|  0%| F|  |TAMS 0x000000070ac00000, 0x000000070ac00000| Untracked 
|  78|0x000000070ae00000, 0x000000070ae00000, 0x000000070b000000|  0%| F|  |TAMS 0x000000070ae00000, 0x000000070ae00000| Untracked 
|  79|0x000000070b000000, 0x000000070b000000, 0x000000070b200000|  0%| F|  |TAMS 0x000000070b000000, 0x000000070b000000| Untracked 
|  80|0x000000070b200000, 0x000000070b200000, 0x000000070b400000|  0%| F|  |TAMS 0x000000070b200000, 0x000000070b200000| Untracked 
|  81|0x000000070b400000, 0x000000070b400000, 0x000000070b600000|  0%| F|  |TAMS 0x000000070b400000, 0x000000070b400000| Untracked 
|  82|0x000000070b600000, 0x000000070b600000, 0x000000070b800000|  0%| F|  |TAMS 0x000000070b600000, 0x000000070b600000| Untracked 
|  83|0x000000070b800000, 0x000000070b800000, 0x000000070ba00000|  0%| F|  |TAMS 0x000000070b800000, 0x000000070b800000| Untracked 
|  84|0x000000070ba00000, 0x000000070ba00000, 0x000000070bc00000|  0%| F|  |TAMS 0x000000070ba00000, 0x000000070ba00000| Untracked 
|  85|0x000000070bc00000, 0x000000070bc00000, 0x000000070be00000|  0%| F|  |TAMS 0x000000070bc00000, 0x000000070bc00000| Untracked 
|  86|0x000000070be00000, 0x000000070be00000, 0x000000070c000000|  0%| F|  |TAMS 0x000000070be00000, 0x000000070be00000| Untracked 
|  87|0x000000070c000000, 0x000000070c000000, 0x000000070c200000|  0%| F|  |TAMS 0x000000070c000000, 0x000000070c000000| Untracked 
|  88|0x000000070c200000, 0x000000070c200000, 0x000000070c400000|  0%| F|  |TAMS 0x000000070c200000, 0x000000070c200000| Untracked 
|  89|0x000000070c400000, 0x000000070c400000, 0x000000070c600000|  0%| F|  |TAMS 0x000000070c400000, 0x000000070c400000| Untracked 
|  90|0x000000070c600000, 0x000000070c600000, 0x000000070c800000|  0%| F|  |TAMS 0x000000070c600000, 0x000000070c600000| Untracked 
|  91|0x000000070c800000, 0x000000070c800000, 0x000000070ca00000|  0%| F|  |TAMS 0x000000070c800000, 0x000000070c800000| Untracked 
|  92|0x000000070ca00000, 0x000000070ca00000, 0x000000070cc00000|  0%| F|  |TAMS 0x000000070ca00000, 0x000000070ca00000| Untracked 
|  93|0x000000070cc00000, 0x000000070cc00000, 0x000000070ce00000|  0%| F|  |TAMS 0x000000070cc00000, 0x000000070cc00000| Untracked 
|  94|0x000000070ce00000, 0x000000070ce00000, 0x000000070d000000|  0%| F|  |TAMS 0x000000070ce00000, 0x000000070ce00000| Untracked 
|  95|0x000000070d000000, 0x000000070d000000, 0x000000070d200000|  0%| F|  |TAMS 0x000000070d000000, 0x000000070d000000| Untracked 
|  96|0x000000070d200000, 0x000000070d200000, 0x000000070d400000|  0%| F|  |TAMS 0x000000070d200000, 0x000000070d200000| Untracked 
|  97|0x000000070d400000, 0x000000070d400000, 0x000000070d600000|  0%| F|  |TAMS 0x000000070d400000, 0x000000070d400000| Untracked 
|  98|0x000000070d600000, 0x000000070d600000, 0x000000070d800000|  0%| F|  |TAMS 0x000000070d600000, 0x000000070d600000| Untracked 
|  99|0x000000070d800000, 0x000000070d800000, 0x000000070da00000|  0%| F|  |TAMS 0x000000070d800000, 0x000000070d800000| Untracked 
| 100|0x000000070da00000, 0x000000070da00000, 0x000000070dc00000|  0%| F|  |TAMS 0x000000070da00000, 0x000000070da00000| Untracked 
| 101|0x000000070dc00000, 0x000000070dc00000, 0x000000070de00000|  0%| F|  |TAMS 0x000000070dc00000, 0x000000070dc00000| Untracked 
| 102|0x000000070de00000, 0x000000070de00000, 0x000000070e000000|  0%| F|  |TAMS 0x000000070de00000, 0x000000070de00000| Untracked 
| 103|0x000000070e000000, 0x000000070e000000, 0x000000070e200000|  0%| F|  |TAMS 0x000000070e000000, 0x000000070e000000| Untracked 
| 104|0x000000070e200000, 0x000000070e200000, 0x000000070e400000|  0%| F|  |TAMS 0x000000070e200000, 0x000000070e200000| Untracked 
| 105|0x000000070e400000, 0x000000070e400000, 0x000000070e600000|  0%| F|  |TAMS 0x000000070e400000, 0x000000070e400000| Untracked 
| 106|0x000000070e600000, 0x000000070e600000, 0x000000070e800000|  0%| F|  |TAMS 0x000000070e600000, 0x000000070e600000| Untracked 
| 107|0x000000070e800000, 0x000000070e800000, 0x000000070ea00000|  0%| F|  |TAMS 0x000000070e800000, 0x000000070e800000| Untracked 
| 108|0x000000070ea00000, 0x000000070ea00000, 0x000000070ec00000|  0%| F|  |TAMS 0x000000070ea00000, 0x000000070ea00000| Untracked 
| 109|0x000000070ec00000, 0x000000070ec00000, 0x000000070ee00000|  0%| F|  |TAMS 0x000000070ec00000, 0x000000070ec00000| Untracked 
| 110|0x000000070ee00000, 0x000000070ee00000, 0x000000070f000000|  0%| F|  |TAMS 0x000000070ee00000, 0x000000070ee00000| Untracked 
| 111|0x000000070f000000, 0x000000070f000000, 0x000000070f200000|  0%| F|  |TAMS 0x000000070f000000, 0x000000070f000000| Untracked 
| 112|0x000000070f200000, 0x000000070f200000, 0x000000070f400000|  0%| F|  |TAMS 0x000000070f200000, 0x000000070f200000| Untracked 
| 113|0x000000070f400000, 0x000000070f5f2d38, 0x000000070f600000| 97%| E|  |TAMS 0x000000070f400000, 0x000000070f400000| Complete 
| 114|0x000000070f600000, 0x000000070f800000, 0x000000070f800000|100%| E|CS|TAMS 0x000000070f600000, 0x000000070f600000| Complete 
| 115|0x000000070f800000, 0x000000070f88aa80, 0x000000070fa00000| 27%| S|CS|TAMS 0x000000070f800000, 0x000000070f800000| Complete 
| 116|0x000000070fa00000, 0x000000070fc00000, 0x000000070fc00000|100%| S|CS|TAMS 0x000000070fa00000, 0x000000070fa00000| Complete 
| 117|0x000000070fc00000, 0x000000070fe00000, 0x000000070fe00000|100%| E|CS|TAMS 0x000000070fc00000, 0x000000070fc00000| Complete 
| 118|0x000000070fe00000, 0x0000000710000000, 0x0000000710000000|100%| E|CS|TAMS 0x000000070fe00000, 0x000000070fe00000| Complete 
| 119|0x0000000710000000, 0x0000000710200000, 0x0000000710200000|100%| E|CS|TAMS 0x0000000710000000, 0x0000000710000000| Complete 
| 120|0x0000000710200000, 0x0000000710400000, 0x0000000710400000|100%| E|CS|TAMS 0x0000000710200000, 0x0000000710200000| Complete 
| 121|0x0000000710400000, 0x0000000710600000, 0x0000000710600000|100%| E|CS|TAMS 0x0000000710400000, 0x0000000710400000| Complete 
| 122|0x0000000710600000, 0x0000000710800000, 0x0000000710800000|100%| E|CS|TAMS 0x0000000710600000, 0x0000000710600000| Complete 
| 123|0x0000000710800000, 0x0000000710a00000, 0x0000000710a00000|100%| E|CS|TAMS 0x0000000710800000, 0x0000000710800000| Complete 
| 124|0x0000000710a00000, 0x0000000710c00000, 0x0000000710c00000|100%| E|CS|TAMS 0x0000000710a00000, 0x0000000710a00000| Complete 
| 125|0x0000000710c00000, 0x0000000710e00000, 0x0000000710e00000|100%| E|CS|TAMS 0x0000000710c00000, 0x0000000710c00000| Complete 
| 126|0x0000000710e00000, 0x0000000711000000, 0x0000000711000000|100%| E|CS|TAMS 0x0000000710e00000, 0x0000000710e00000| Complete 
| 127|0x0000000711000000, 0x0000000711200000, 0x0000000711200000|100%| E|CS|TAMS 0x0000000711000000, 0x0000000711000000| Complete 

Card table byte_map: [0x0000014afa980000,0x0000014afb180000] _byte_map_base: 0x0000014af7177000

Marking Bits (Prev, Next): (CMBitMap*) 0x0000014af648a620, (CMBitMap*) 0x0000014af648a660
 Prev Bits: [0x0000014afb980000, 0x0000014aff938000)
 Next Bits: [0x0000014a8f000000, 0x0000014a92fb8000)

Polling page: 0x0000014af5bf0000

Metaspace:

Usage:
  Non-class:     16.09 MB used.
      Class:      1.84 MB used.
       Both:     17.92 MB used.

Virtual space:
  Non-class space:       24.00 MB reserved,      16.19 MB ( 67%) committed,  3 nodes.
      Class space:        1.00 GB reserved,       1.88 MB ( <1%) committed,  1 nodes.
             Both:        1.02 GB reserved,      18.06 MB (  2%) committed. 

Chunk freelists:
   Non-Class:  3.76 MB
       Class:  1.92 MB
        Both:  5.69 MB

MaxMetaspaceSize: unlimited
CompressedClassSpaceSize: 1.00 GB
Initial GC threshold: 21.00 MB
Current GC threshold: 21.00 MB
CDS: off
MetaspaceReclaimPolicy: balanced
 - commit_granule_bytes: 65536.
 - commit_granule_words: 8192.
 - virtual_space_node_default_size: 1048576.
 - enlarge_chunks_in_place: 1.
 - new_chunks_are_fully_committed: 0.
 - uncommit_free_chunks: 1.
 - use_allocation_guard: 0.
 - handle_deallocations: 1.


Internal statistics:

num_allocs_failed_limit: 0.
num_arena_births: 120.
num_arena_deaths: 0.
num_vsnodes_births: 4.
num_vsnodes_deaths: 0.
num_space_committed: 289.
num_space_uncommitted: 0.
num_chunks_returned_to_freelist: 0.
num_chunks_taken_from_freelist: 480.
num_chunk_merges: 0.
num_chunk_splits: 376.
num_chunks_enlarged: 321.
num_purges: 0.
num_inconsistent_stats: 0.

CodeHeap 'non-profiled nmethods': size=119168Kb used=479Kb max_used=479Kb free=118688Kb
 bounds [0x0000014a87ba0000, 0x0000014a87e10000, 0x0000014a8f000000]
CodeHeap 'profiled nmethods': size=119104Kb used=3708Kb max_used=3708Kb free=115395Kb
 bounds [0x0000014a80000000, 0x0000014a803a0000, 0x0000014a87450000]
CodeHeap 'non-nmethods': size=7488Kb used=2879Kb max_used=2893Kb free=4608Kb
 bounds [0x0000014a87450000, 0x0000014a87730000, 0x0000014a87ba0000]
 total_blobs=2318 nmethods=1836 adapters=391
 compilation: enabled
              stopped_count=0, restarted_count=0
 full_count=0

Compilation events (20 events):
Event: 0.575 Thread 0x0000014a96f5cd60 1801   !   4       java.util.zip.Inflater::inflate (418 bytes)
Event: 0.578 Thread 0x0000014a96f5cd60 nmethod 1801 0x0000014a87c15510 code [0x0000014a87c156c0, 0x0000014a87c15dd8]
Event: 0.579 Thread 0x0000014a964a3490 1802   !   3       org.jetbrains.kotlin.com.intellij.util.containers.ConcurrentIntObjectHashMap::tabAt (33 bytes)
Event: 0.579 Thread 0x0000014a96aa2cd0 1803       3       java.lang.invoke.LambdaForm$MH/0x00000008001ac000::invokeExact_MT (25 bytes)
Event: 0.579 Thread 0x0000014a96aab6f0 1804       3       java.lang.invoke.DirectMethodHandle$Holder::invokeSpecial (18 bytes)
Event: 0.579 Thread 0x0000014a96624e00 1805       3       sun.misc.Unsafe::getObjectVolatile (9 bytes)
Event: 0.579 Thread 0x0000014a96624e00 nmethod 1805 0x0000014a8038f890 code [0x0000014a8038fa20, 0x0000014a8038fb98]
Event: 0.579 Thread 0x0000014a96aab6f0 nmethod 1804 0x0000014a8038fc10 code [0x0000014a8038fde0, 0x0000014a80390318]
Event: 0.579 Thread 0x0000014a96aa2cd0 nmethod 1803 0x0000014a80390490 code [0x0000014a803906a0, 0x0000014a80390e58]
Event: 0.579 Thread 0x0000014a964a3490 nmethod 1802 0x0000014a80391090 code [0x0000014a803912c0, 0x0000014a80391d48]
Event: 0.580 Thread 0x0000014a96aab6f0 1806       3       java.lang.String::checkIndex (48 bytes)
Event: 0.580 Thread 0x0000014a96aa2cd0 1807       3       java.lang.String::codePointAt (50 bytes)
Event: 0.580 Thread 0x0000014a96aa2cd0 nmethod 1807 0x0000014a80392010 code [0x0000014a80392200, 0x0000014a803925a8]
Event: 0.580 Thread 0x0000014a96aab6f0 nmethod 1806 0x0000014a80392790 code [0x0000014a803929e0, 0x0000014a80393158]
Event: 0.580 Thread 0x0000014a96aab6f0 1809       3       java.lang.invoke.MemberName::isResolved (13 bytes)
Event: 0.580 Thread 0x0000014a96aab6f0 nmethod 1809 0x0000014a80393490 code [0x0000014a80393620, 0x0000014a80393798]
Event: 0.580 Thread 0x0000014a96aa2cd0 1810       3       java.lang.invoke.MemberName::getReferenceKind (12 bytes)
Event: 0.580 Thread 0x0000014a96aa2cd0 nmethod 1810 0x0000014a80393810 code [0x0000014a803939a0, 0x0000014a80393ab8]
Event: 0.581 Thread 0x0000014a96aab6f0 1811       3       java.util.regex.Pattern::has (15 bytes)
Event: 0.581 Thread 0x0000014a96aab6f0 nmethod 1811 0x0000014a80393b90 code [0x0000014a80393d20, 0x0000014a80393e98]

GC Heap History (2 events):
Event: 0.309 GC heap before
{Heap before GC invocations=0 (full 0):
 garbage-first heap   total 262144K, used 24576K [0x0000000701200000, 0x0000000800000000)
  region size 2048K, 11 young (22528K), 0 survivors (0K)
 Metaspace       used 12262K, committed 12352K, reserved 1064960K
  class space    used 1149K, committed 1216K, reserved 1048576K
}
Event: 0.311 GC heap after
{Heap after GC invocations=1 (full 0):
 garbage-first heap   total 262144K, used 6698K [0x0000000701200000, 0x0000000800000000)
  region size 2048K, 2 young (4096K), 2 survivors (4096K)
 Metaspace       used 12262K, committed 12352K, reserved 1064960K
  class space    used 1149K, committed 1216K, reserved 1048576K
}

Dll operation events (1 events):
Event: 0.004 Loaded shared library C:\Program Files\Android\Android Studio\jbr\bin\java.dll

Deoptimization events (20 events):
Event: 0.379 Thread 0x0000014af641ad70 DEOPT PACKING pc=0x0000014a87bd18f0 sp=0x00000011a91fbaf0
Event: 0.379 Thread 0x0000014af641ad70 DEOPT UNPACKING pc=0x0000014a874a69a3 sp=0x00000011a91fb9d8 mode 2
Event: 0.382 Thread 0x0000014af641ad70 Uncommon trap: trap_request=0xffffffc6 fr.pc=0x0000014a87bd18f0 relative=0x00000000000004f0
Event: 0.382 Thread 0x0000014af641ad70 Uncommon trap: reason=bimorphic_or_optimized_type_check action=maybe_recompile pc=0x0000014a87bd18f0 method=kotlin.reflect.jvm.internal.impl.protobuf.CodedInputStream.tryRefillBuffer(I)Z @ 175 c2
Event: 0.382 Thread 0x0000014af641ad70 DEOPT PACKING pc=0x0000014a87bd18f0 sp=0x00000011a91fc0a0
Event: 0.382 Thread 0x0000014af641ad70 DEOPT UNPACKING pc=0x0000014a874a69a3 sp=0x00000011a91fbf88 mode 2
Event: 0.392 Thread 0x0000014af641ad70 Uncommon trap: trap_request=0xffffff45 fr.pc=0x0000014a87bc9334 relative=0x0000000000000374
Event: 0.392 Thread 0x0000014af641ad70 Uncommon trap: reason=unstable_if action=reinterpret pc=0x0000014a87bc9334 method=java.util.concurrent.ConcurrentHashMap.get(Ljava/lang/Object;)Ljava/lang/Object; @ 76 c2
Event: 0.392 Thread 0x0000014af641ad70 DEOPT PACKING pc=0x0000014a87bc9334 sp=0x00000011a91fc570
Event: 0.392 Thread 0x0000014af641ad70 DEOPT UNPACKING pc=0x0000014a874a69a3 sp=0x00000011a91fc4f8 mode 2
Event: 0.445 Thread 0x0000014af641ad70 Uncommon trap: trap_request=0xffffffc6 fr.pc=0x0000014a87bd18f0 relative=0x00000000000004f0
Event: 0.445 Thread 0x0000014af641ad70 Uncommon trap: reason=bimorphic_or_optimized_type_check action=maybe_recompile pc=0x0000014a87bd18f0 method=kotlin.reflect.jvm.internal.impl.protobuf.CodedInputStream.tryRefillBuffer(I)Z @ 175 c2
Event: 0.445 Thread 0x0000014af641ad70 DEOPT PACKING pc=0x0000014a87bd18f0 sp=0x00000011a91fbd90
Event: 0.445 Thread 0x0000014af641ad70 DEOPT UNPACKING pc=0x0000014a874a69a3 sp=0x00000011a91fbc78 mode 2
Event: 0.476 Thread 0x0000014af641ad70 Uncommon trap: trap_request=0xffffff45 fr.pc=0x0000014a87bc2198 relative=0x0000000000000278
Event: 0.476 Thread 0x0000014af641ad70 Uncommon trap: reason=unstable_if action=reinterpret pc=0x0000014a87bc2198 method=java.lang.String.startsWith(Ljava/lang/String;I)Z @ 14 c2
Event: 0.476 Thread 0x0000014af641ad70 DEOPT PACKING pc=0x0000014a87bc2198 sp=0x00000011a91fcf00
Event: 0.476 Thread 0x0000014af641ad70 DEOPT UNPACKING pc=0x0000014a874a69a3 sp=0x00000011a91fce60 mode 2
Event: 0.516 Thread 0x0000014af641ad70 DEOPT PACKING pc=0x0000014a803012b4 sp=0x00000011a91fe0f0
Event: 0.516 Thread 0x0000014af641ad70 DEOPT UNPACKING pc=0x0000014a874a7143 sp=0x00000011a91fd6c0 mode 0

Classes unloaded (0 events):
No events

Classes redefined (0 events):
No events

Internal exceptions (11 events):
Event: 0.494 Thread 0x0000014af641ad70 Exception <a 'java/lang/NoSuchMethodError'{0x000000070fe34aa8}: 'java.lang.Object java.lang.invoke.DirectMethodHandle$Holder.newInvokeSpecial(java.lang.Object, java.lang.Object, java.lang.Object, java.lang.Object, java.lang.Object)'> (0x000000070fe34aa8) 
thrown [s\src\hotspot\share\interpreter\linkResolver.cpp, line 771]
Event: 0.535 Thread 0x0000014af641ad70 Exception <a 'java/lang/NoSuchMethodError'{0x000000070fdac2d0}: 'int java.lang.invoke.DelegatingMethodHandle$Holder.reinvoke_L(java.lang.Object, java.lang.Object, java.lang.Object, long, int, int)'> (0x000000070fdac2d0) 
thrown [s\src\hotspot\share\interpreter\linkResolver.cpp, line 771]
Event: 0.536 Thread 0x0000014af641ad70 Exception <a 'java/lang/NoSuchMethodError'{0x000000070fdbb6d8}: 'int java.lang.invoke.DelegatingMethodHandle$Holder.reinvoke_L(java.lang.Object, java.lang.Object, java.lang.Object, long, long, long)'> (0x000000070fdbb6d8) 
thrown [s\src\hotspot\share\interpreter\linkResolver.cpp, line 771]
Event: 0.537 Thread 0x0000014af641ad70 Exception <a 'java/lang/NoSuchMethodError'{0x000000070fdca318}: 'int java.lang.invoke.DelegatingMethodHandle$Holder.reinvoke_L(java.lang.Object, java.lang.Object, java.lang.Object, long, java.lang.Object, java.lang.Object)'> (0x000000070fdca318) 
thrown [s\src\hotspot\share\interpreter\linkResolver.cpp, line 771]
Event: 0.537 Thread 0x0000014af641ad70 Exception <a 'java/lang/NoSuchMethodError'{0x000000070fdd8e98}: 'void java.lang.invoke.DelegatingMethodHandle$Holder.reinvoke_L(java.lang.Object, java.lang.Object, java.lang.Object, long, java.lang.Object)'> (0x000000070fdd8e98) 
thrown [s\src\hotspot\share\interpreter\linkResolver.cpp, line 771]
Event: 0.538 Thread 0x0000014af641ad70 Exception <a 'java/lang/NoSuchMethodError'{0x000000070fde0ad0}: 'java.lang.Object java.lang.invoke.DirectMethodHandle$Holder.invokeSpecial(java.lang.Object, java.lang.Object, java.lang.Object, java.lang.Object, long)'> (0x000000070fde0ad0) 
thrown [s\src\hotspot\share\interpreter\linkResolver.cpp, line 771]
Event: 0.539 Thread 0x0000014af641ad70 Exception <a 'java/lang/NoSuchMethodError'{0x000000070fdfa5c0}: 'long java.lang.invoke.Invokers$Holder.invoke_MT(java.lang.Object, java.lang.Object, java.lang.Object, java.lang.Object)'> (0x000000070fdfa5c0) 
thrown [s\src\hotspot\share\interpreter\linkResolver.cpp, line 771]
Event: 0.540 Thread 0x0000014af641ad70 Exception <a 'java/lang/NoSuchMethodError'{0x000000070f606380}: 'int java.lang.invoke.DirectMethodHandle$Holder.invokeSpecial(java.lang.Object, java.lang.Object, java.lang.Object)'> (0x000000070f606380) 
thrown [s\src\hotspot\share\interpreter\linkResolver.cpp, line 771]
Event: 0.540 Thread 0x0000014af641ad70 Exception <a 'java/lang/NoSuchMethodError'{0x000000070f60a3b0}: 'int java.lang.invoke.DirectMethodHandle$Holder.invokeSpecial(java.lang.Object, java.lang.Object, java.lang.Object, java.lang.Object)'> (0x000000070f60a3b0) 
thrown [s\src\hotspot\share\interpreter\linkResolver.cpp, line 771]
Event: 0.540 Thread 0x0000014af641ad70 Exception <a 'java/lang/NoSuchMethodError'{0x000000070f60da18}: 'int java.lang.invoke.Invokers$Holder.invoke_MT(java.lang.Object, java.lang.Object, java.lang.Object, java.lang.Object)'> (0x000000070f60da18) 
thrown [s\src\hotspot\share\interpreter\linkResolver.cpp, line 771]
Event: 0.541 Thread 0x0000014af641ad70 Exception <a 'java/lang/NoSuchMethodError'{0x000000070f61d638}: 'int java.lang.invoke.DelegatingMethodHandle$Holder.reinvoke_L(java.lang.Object, java.lang.Object, java.lang.Object, long, int)'> (0x000000070f61d638) 
thrown [s\src\hotspot\share\interpreter\linkResolver.cpp, line 771]

VM Operations (18 events):
Event: 0.090 Executing VM operation: HandshakeAllThreads
Event: 0.090 Executing VM operation: HandshakeAllThreads done
Event: 0.167 Executing VM operation: HandshakeAllThreads
Event: 0.167 Executing VM operation: HandshakeAllThreads done
Event: 0.245 Executing VM operation: HandshakeAllThreads
Event: 0.245 Executing VM operation: HandshakeAllThreads done
Event: 0.309 Executing VM operation: G1CollectForAllocation
Event: 0.311 Executing VM operation: G1CollectForAllocation done
Event: 0.385 Executing VM operation: HandshakeAllThreads
Event: 0.385 Executing VM operation: HandshakeAllThreads done
Event: 0.444 Executing VM operation: ICBufferFull
Event: 0.444 Executing VM operation: ICBufferFull done
Event: 0.463 Executing VM operation: HandshakeAllThreads
Event: 0.463 Executing VM operation: HandshakeAllThreads done
Event: 0.516 Executing VM operation: HandshakeAllThreads
Event: 0.516 Executing VM operation: HandshakeAllThreads done
Event: 0.563 Executing VM operation: HandshakeAllThreads
Event: 0.563 Executing VM operation: HandshakeAllThreads done

Events (20 events):
Event: 0.564 loading class java/math/BigInteger
Event: 0.564 loading class java/math/BigInteger done
Event: 0.565 loading class java/lang/StrictMath
Event: 0.565 loading class java/lang/StrictMath done
Event: 0.565 loading class java/math/MutableBigInteger
Event: 0.565 loading class java/math/MutableBigInteger done
Event: 0.580 loading class java/util/regex/Pattern$BranchConn
Event: 0.580 loading class java/util/regex/Pattern$BranchConn done
Event: 0.580 loading class java/util/regex/Pattern$Branch
Event: 0.580 loading class java/util/regex/Pattern$Branch done
Event: 0.580 loading class java/util/regex/Pattern$BitClass
Event: 0.580 loading class java/util/regex/Pattern$BitClass done
Event: 0.580 loading class java/lang/invoke/DirectMethodHandle$Interface
Event: 0.580 loading class java/lang/invoke/DirectMethodHandle$Interface done
Event: 0.581 loading class java/util/regex/Pattern$Ques
Event: 0.581 loading class java/util/regex/Pattern$Ques done
Event: 0.581 loading class java/util/regex/Pattern$SliceS
Event: 0.581 loading class java/util/regex/Pattern$SliceS done
Event: 0.581 loading class java/net/URISyntaxException
Event: 0.581 loading class java/net/URISyntaxException done


Dynamic libraries:
0x00007ff709a40000 - 0x00007ff709a4a000 	C:\Program Files\Android\Android Studio\jbr\bin\java.exe
0x00007ffe4f2b0000 - 0x00007ffe4f4a8000 	C:\Windows\SYSTEM32\ntdll.dll
0x00007ffe4d590000 - 0x00007ffe4d64f000 	C:\Windows\System32\KERNEL32.DLL
0x00007ffe4ce10000 - 0x00007ffe4d106000 	C:\Windows\System32\KERNELBASE.dll
0x00007ffe4d110000 - 0x00007ffe4d210000 	C:\Windows\System32\ucrtbase.dll
0x00007ffe40d80000 - 0x00007ffe40d9b000 	C:\Program Files\Android\Android Studio\jbr\bin\VCRUNTIME140.dll
0x00007ffe40ff0000 - 0x00007ffe41007000 	C:\Program Files\Android\Android Studio\jbr\bin\jli.dll
0x00007ffe4d9d0000 - 0x00007ffe4db6d000 	C:\Windows\System32\USER32.dll
0x00007ffe4cb80000 - 0x00007ffe4cba2000 	C:\Windows\System32\win32u.dll
0x00007ffe42250000 - 0x00007ffe424ea000 	C:\Windows\WinSxS\amd64_microsoft.windows.common-controls_6595b64144ccf1df_6.0.19041.1110_none_60b5254171f9507e\COMCTL32.dll
0x00007ffe4f030000 - 0x00007ffe4f05c000 	C:\Windows\System32\GDI32.dll
0x00007ffe4e8b0000 - 0x00007ffe4e94e000 	C:\Windows\System32\msvcrt.dll
0x00007ffe4ccf0000 - 0x00007ffe4ce05000 	C:\Windows\System32\gdi32full.dll
0x00007ffe4cbb0000 - 0x00007ffe4cc4d000 	C:\Windows\System32\msvcp_win.dll
0x00007ffe4d9a0000 - 0x00007ffe4d9d0000 	C:\Windows\System32\IMM32.DLL
0x00007ffe40fd0000 - 0x00007ffe40fdc000 	C:\Program Files\Android\Android Studio\jbr\bin\vcruntime140_1.dll
0x00007ffe30610000 - 0x00007ffe3069d000 	C:\Program Files\Android\Android Studio\jbr\bin\msvcp140.dll
0x00007ffe24260000 - 0x00007ffe24ece000 	C:\Program Files\Android\Android Studio\jbr\bin\server\jvm.dll
0x00007ffe4d4e0000 - 0x00007ffe4d58f000 	C:\Windows\System32\ADVAPI32.dll
0x00007ffe4d900000 - 0x00007ffe4d99c000 	C:\Windows\System32\sechost.dll
0x00007ffe4f140000 - 0x00007ffe4f266000 	C:\Windows\System32\RPCRT4.dll
0x00007ffe44db0000 - 0x00007ffe44dd7000 	C:\Windows\SYSTEM32\WINMM.dll
0x00007ffe49e70000 - 0x00007ffe49e79000 	C:\Windows\SYSTEM32\WSOCK32.dll
0x00007ffe46720000 - 0x00007ffe4672a000 	C:\Windows\SYSTEM32\VERSION.dll
0x00007ffe4ee20000 - 0x00007ffe4ee8b000 	C:\Windows\System32\WS2_32.dll
0x00007ffe4a850000 - 0x00007ffe4a862000 	C:\Windows\SYSTEM32\kernel.appcore.dll
0x00007ffe48630000 - 0x00007ffe4863a000 	C:\Program Files\Android\Android Studio\jbr\bin\jimage.dll
0x00007ffe42960000 - 0x00007ffe42b44000 	C:\Windows\SYSTEM32\DBGHELP.DLL
0x00007ffe371e0000 - 0x00007ffe37214000 	C:\Windows\SYSTEM32\dbgcore.DLL
0x00007ffe4c990000 - 0x00007ffe4ca12000 	C:\Windows\System32\bcryptPrimitives.dll
0x00007ffe45440000 - 0x00007ffe45465000 	C:\Program Files\Android\Android Studio\jbr\bin\java.dll
0x00007ffe48610000 - 0x00007ffe48628000 	C:\Program Files\Android\Android Studio\jbr\bin\zip.dll
0x00007ffe4e150000 - 0x00007ffe4e894000 	C:\Windows\System32\SHELL32.dll
0x00007ffe4aa50000 - 0x00007ffe4b1e3000 	C:\Windows\SYSTEM32\windows.storage.dll
0x00007ffe4ddf0000 - 0x00007ffe4e144000 	C:\Windows\System32\combase.dll
0x00007ffe4c3d0000 - 0x00007ffe4c3fe000 	C:\Windows\SYSTEM32\Wldp.dll
0x00007ffe4d650000 - 0x00007ffe4d6fd000 	C:\Windows\System32\SHCORE.dll
0x00007ffe4dcc0000 - 0x00007ffe4dd15000 	C:\Windows\System32\shlwapi.dll
0x00007ffe4c8c0000 - 0x00007ffe4c8e5000 	C:\Windows\SYSTEM32\profapi.dll
0x00007ffe44200000 - 0x00007ffe44219000 	C:\Program Files\Android\Android Studio\jbr\bin\net.dll
0x00007ffe46dc0000 - 0x00007ffe46eca000 	C:\Windows\SYSTEM32\WINHTTP.dll
0x00007ffe4c130000 - 0x00007ffe4c19a000 	C:\Windows\system32\mswsock.dll
0x00007ffe441e0000 - 0x00007ffe441f6000 	C:\Program Files\Android\Android Studio\jbr\bin\nio.dll
0x00007ffe45430000 - 0x00007ffe45440000 	C:\Program Files\Android\Android Studio\jbr\bin\verify.dll

dbghelp: loaded successfully - version: 4.0.5 - missing functions: none
symbol engine: initialized successfully - sym options: 0x614 - pdb path: .;C:\Program Files\Android\Android Studio\jbr\bin;C:\Windows\SYSTEM32;C:\Windows\WinSxS\amd64_microsoft.windows.common-controls_6595b64144ccf1df_6.0.19041.1110_none_60b5254171f9507e;C:\Program Files\Android\Android Studio\jbr\bin\server

VM Arguments:
java_command: org.jetbrains.kotlin.cli.jvm.K2JVMCompiler @C:\Users\joaov\Documents\Repositories\mobiledev\ControleDeGastos\ControleDeGastos\app\build\20231028_12923710079287254996.compiler.options
java_class_path (initial): C:\Users\joaov\.gradle\caches\modules-2\files-2.1\org.jetbrains.kotlin\kotlin-compiler-embeddable\1.8.0\eb9118d4bcceaa2a94b2ae2a33a4ddba7c9a947f\kotlin-compiler-embeddable-1.8.0.jar;C:\Users\joaov\.gradle\caches\modules-2\files-2.1\org.jetbrains.kotlin\kotlin-stdlib\1.8.0\1796921c7a3e2e2665a83e6c8d33399336cd39bc\kotlin-stdlib-1.8.0.jar;C:\Users\joaov\.gradle\caches\modules-2\files-2.1\org.jetbrains.kotlin\kotlin-script-runtime\1.8.0\b2f7e760d283cb339974851c222a4c1d48f2d3d\kotlin-script-runtime-1.8.0.jar;C:\Users\joaov\.gradle\caches\modules-2\files-2.1\org.jetbrains.kotlin\kotlin-reflect\1.6.10\1cbe9c92c12a94eea200d23c2bbaedaf3daf5132\kotlin-reflect-1.6.10.jar;C:\Users\joaov\.gradle\caches\modules-2\files-2.1\org.jetbrains.kotlin\kotlin-daemon-embeddable\1.8.0\d255216c551685dc3a7e852b53617f5f01aaaa5c\kotlin-daemon-embeddable-1.8.0.jar;C:\Users\joaov\.gradle\caches\modules-2\files-2.1\org.jetbrains.intellij.deps\trove4j\1.0.20200330\3afb14d5f9ceb459d724e907a21145e8ff394f02\trove4j-1.0.20200330.jar;C:\Users\joaov\.gradle\caches\modules-2\files-2.1\net.java.dev.jna\jna\5.6.0\330f2244e9030119ab3030fc3fededc86713d9cc\jna-5.6.0.jar;C:\Users\joaov\.gradle\caches\modules-2\files-2.1\org.jetbrains.kotlin\kotlin-stdlib-common\1.8.0\f7197e7cc76453ac59f8b0f8d5137cc600becd36\kotlin-stdlib-common-1.8.0.jar;C:\Users\joaov\.gradle\caches\modules-2\files-2.1\org.jetbrains\annotations\13.0\919f0dfe192fb4e063e7dacadee7f8bb9a2672a9\annotations-13.0.jar
Launcher Type: SUN_STANDARD

[Global flags]
     intx CICompilerCount                          = 12                                        {product} {ergonomic}
     uint ConcGCThreads                            = 3                                         {product} {ergonomic}
     uint G1ConcRefinementThreads                  = 13                                        {product} {ergonomic}
   size_t G1HeapRegionSize                         = 2097152                                   {product} {ergonomic}
    uintx GCDrainStackTargetSize                   = 64                                        {product} {ergonomic}
   size_t InitialHeapSize                          = 268435456                                 {product} {ergonomic}
   size_t MarkStackSize                            = 4194304                                   {product} {ergonomic}
   size_t MaxHeapSize                              = 4276092928                                {product} {ergonomic}
   size_t MaxNewSize                               = 2564816896                                {product} {ergonomic}
   size_t MinHeapDeltaBytes                        = 2097152                                   {product} {ergonomic}
   size_t MinHeapSize                              = 8388608                                   {product} {ergonomic}
    uintx NonNMethodCodeHeapSize                   = 7602480                                {pd product} {ergonomic}
    uintx NonProfiledCodeHeapSize                  = 122027880                              {pd product} {ergonomic}
    uintx ProfiledCodeHeapSize                     = 122027880                              {pd product} {ergonomic}
    uintx ReservedCodeCacheSize                    = 251658240                              {pd product} {ergonomic}
     bool SegmentedCodeCache                       = true                                      {product} {ergonomic}
   size_t SoftMaxHeapSize                          = 4276092928                             {manageable} {ergonomic}
     bool UseCompressedClassPointers               = true                           {product lp64_product} {ergonomic}
     bool UseCompressedOops                        = true                           {product lp64_product} {ergonomic}
     bool UseG1GC                                  = true                                      {product} {ergonomic}
     bool UseLargePagesIndividualAllocation        = false                                  {pd product} {ergonomic}

Logging:
Log output configuration:
 #0: stdout all=warning uptime,level,tags
 #1: stderr all=off uptime,level,tags

Environment Variables:
JAVA_HOME=C:\Program Files\Java\jdk-20
PATH=C:\Program Files\Common Files\Oracle\Java\javapath;C:\Windows\system32;C:\Windows;C:\Windows\System32\Wbem;C:\Windows\System32\WindowsPowerShell\v1.0\;C:\Windows\System32\OpenSSH\;C:\Program Files\Microsoft SQL Server\150\Tools\Binn\;C:\Program Files\Microsoft SQL Server\Client SDK\ODBC\170\Tools\Binn\;C:\Program Files (x86)\NVIDIA Corporation\PhysX\Common;C:\Program Files\NVIDIA Corporation\NVIDIA NvDLISR;C:\Program Files (x86)\Microsoft SQL Server\160\DTS\Binn\;C:\Program Files\Azure Data Studio\bin;C:\Program Files (x86)\Microsoft SQL Server\160\Tools\Binn\;C:\Program Files\Microsoft SQL Server\160\Tools\Binn\;C:\Program Files\Microsoft SQL Server\160\DTS\Binn\;C:\Program Files\Git\cmd;C:\Program Files\Process Lasso\;C:\ProgramData\chocolatey\bin;C:\Program Files\dotnet\;C:\Program Files\Java\jdk-20\bin;C:\Users\joaov\AppData\Local\Microsoft\WindowsApps;C:\Users\joaov\AppData\Local\Programs\Microsoft VS Code\bin;C:\Program Files\Azure Data Studio\bin;C:\Program Files\JetBrains\IntelliJ IDEA 2023.2.1\bin;;C:\Program Files\Java\jdk-20\bin;;C:\Program Files\JetBrains\IntelliJ IDEA Community Edition 2023.2.1\bin;
USERNAME=joaov
OS=Windows_NT
PROCESSOR_IDENTIFIER=AMD64 Family 23 Model 113 Stepping 0, AuthenticAMD
TMP=C:\Users\joaov\AppData\Local\Temp
TEMP=C:\Users\joaov\AppData\Local\Temp


JNI global refs:
JNI global refs: 16, weak refs: 0

JNI global refs memory usage: 843, weak refs: 841


---------------  S Y S T E M  ---------------

OS:
 Windows 10 , 64 bit Build 19041 (10.0.19041.3155)
OS uptime: 0 days 3:01 hours

CPU: total 16 (initial active 16) (16 cores per cpu, 2 threads per core) family 23 model 113 stepping 0 microcode 0x0, cx8, cmov, fxsr, ht, mmx, 3dnowpref, sse, sse2, sse3, ssse3, sse4a, sse4.1, sse4.2, popcnt, lzcnt, tsc, tscinvbit, avx, avx2, aes, clmul, bmi1, bmi2, adx, sha, fma, vzeroupper, clflush, clflushopt

Memory: 4k page, system-wide physical 16307M (4672M free)
TotalPageFile size 17331M (AvailPageFile size 5M)
current process WorkingSet (physical memory assigned to process): 95M, peak: 95M
current process commit charge ("private bytes"): 378M, peak: 378M

vm_info: OpenJDK 64-Bit Server VM (17.0.6+0-b2043.56-10027231) for windows-amd64 JRE (17.0.6+0-b2043.56-10027231), built on Apr 28 2023 00:43:19 by "androidbuild" with MS VC++ 16.10 / 16.11 (VS2019)

END.
